Flow report for mux21a
Sat Oct 15 12:46:02 2022
Quartus Prime Version 21.1.1 Build 850 06/23/2022 SJ Lite Edition


---------------------
; Table of Contents ;
---------------------
  1. Legal Notice
  2. Flow Summary
  3. Flow Settings
  4. Flow Non-Default Global Settings
  5. Flow Elapsed Time
  6. Flow OS Summary
  7. Flow Log
  8. Flow Messages
  9. Flow Suppressed Messages



----------------
; Legal Notice ;
----------------
Copyright (C) 2022  Intel Corporation. All rights reserved.
Your use of Intel Corporation's design tools, logic functions 
and other software and tools, and any partner logic 
functions, and any output files from any of the foregoing 
(including device programming or simulation files), and any 
associated documentation or information are expressly subject 
to the terms and conditions of the Intel Program License 
Subscription Agreement, the Intel Quartus Prime License Agreement,
the Intel FPGA IP License Agreement, or other applicable license
agreement, including, without limitation, that your use is for
the sole purpose of programming logic devices manufactured by
Intel and sold by Intel or its authorized distributors.  Please
refer to the applicable agreement for further details, at
https://fpgasoftware.intel.com/eula.



+-------------------------------------------------------------------------------+
; Flow Summary                                                                  ;
+---------------------------------+---------------------------------------------+
; Flow Status                     ; Successful - Sat Oct 15 12:46:02 2022       ;
; Quartus Prime Version           ; 21.1.1 Build 850 06/23/2022 SJ Lite Edition ;
; Revision Name                   ; mux21a                                      ;
; Top-level Entity Name           ; mux21a                                      ;
; Family                          ; Cyclone V                                   ;
; Device                          ; 5CGXFC7C7F23C8                              ;
; Timing Models                   ; Final                                       ;
; Logic utilization (in ALMs)     ; 1 / 56,480 ( < 1 % )                        ;
; Total registers                 ; 0                                           ;
; Total pins                      ; 4 / 268 ( 1 % )                             ;
; Total virtual pins              ; 0                                           ;
; Total block memory bits         ; 0 / 7,024,640 ( 0 % )                       ;
; Total DSP Blocks                ; 0 / 156 ( 0 % )                             ;
; Total HSSI RX PCSs              ; 0 / 6 ( 0 % )                               ;
; Total HSSI PMA RX Deserializers ; 0 / 6 ( 0 % )                               ;
; Total HSSI TX PCSs              ; 0 / 6 ( 0 % )                               ;
; Total HSSI PMA TX Serializers   ; 0 / 6 ( 0 % )                               ;
; Total PLLs                      ; 0 / 13 ( 0 % )                              ;
; Total DLLs                      ; 0 / 4 ( 0 % )                               ;
+---------------------------------+---------------------------------------------+


+-----------------------------------------+
; Flow Settings                           ;
+-------------------+---------------------+
; Option            ; Setting             ;
+-------------------+---------------------+
; Start date & time ; 10/15/2022 12:06:33 ;
; Main task         ; Compilation         ;
; Revision Name     ; mux21a              ;
+-------------------+---------------------+


+-----------------------------------------------------------------------------------------------------------------------------+
; Flow Non-Default Global Settings                                                                                            ;
+-------------------------------------+----------------------------------------+---------------+-------------+----------------+
; Assignment Name                     ; Value                                  ; Default Value ; Entity Name ; Section Id     ;
+-------------------------------------+----------------------------------------+---------------+-------------+----------------+
; COMPILER_SIGNATURE_ID               ; 1097979971917.166580679310632          ; --            ; --          ; --             ;
; EDA_OUTPUT_DATA_FORMAT              ; Vhdl                                   ; --            ; --          ; eda_simulation ;
; EDA_SIMULATION_TOOL                 ; ModelSim (VHDL)                        ; <None>        ; --          ; --             ;
; EDA_TIME_SCALE                      ; 1 ps                                   ; --            ; --          ; eda_simulation ;
; MAX_CORE_JUNCTION_TEMP              ; 85                                     ; --            ; --          ; --             ;
; MIN_CORE_JUNCTION_TEMP              ; 0                                      ; --            ; --          ; --             ;
; PARTITION_COLOR                     ; -- (Not supported for targeted family) ; --            ; --          ; Top            ;
; PARTITION_FITTER_PRESERVATION_LEVEL ; -- (Not supported for targeted family) ; --            ; --          ; Top            ;
; PARTITION_NETLIST_TYPE              ; -- (Not supported for targeted family) ; --            ; --          ; Top            ;
; POWER_BOARD_THERMAL_MODEL           ; None (CONSERVATIVE)                    ; --            ; --          ; --             ;
; POWER_PRESET_COOLING_SOLUTION       ; 23 MM HEAT SINK WITH 200 LFPM AIRFLOW  ; --            ; --          ; --             ;
; PROJECT_OUTPUT_DIRECTORY            ; output_files                           ; --            ; --          ; --             ;
+-------------------------------------+----------------------------------------+---------------+-------------+----------------+


+--------------------------------------------------------------------------------------------------------------------------+
; Flow Elapsed Time                                                                                                        ;
+----------------------+--------------+-------------------------+---------------------+------------------------------------+
; Module Name          ; Elapsed Time ; Average Processors Used ; Peak Virtual Memory ; Total CPU Time (on all processors) ;
+----------------------+--------------+-------------------------+---------------------+------------------------------------+
; Analysis & Synthesis ; 00:00:15     ; 1.0                     ; 4884 MB             ; 00:00:31                           ;
; Fitter               ; 00:00:53     ; 1.0                     ; 6379 MB             ; 00:01:20                           ;
; EDA Netlist Writer   ; 00:00:02     ; 1.0                     ; 4744 MB             ; 00:00:02                           ;
; Assembler            ; 00:00:10     ; 1.0                     ; 4898 MB             ; 00:00:09                           ;
; Timing Analyzer      ; 00:00:08     ; 1.0                     ; 5182 MB             ; 00:00:07                           ;
; EDA Netlist Writer   ; 00:00:02     ; 1.0                     ; 4750 MB             ; 00:00:02                           ;
; EDA Netlist Writer   ; 00:00:02     ; 1.0                     ; 4751 MB             ; 00:00:02                           ;
; EDA Netlist Writer   ; 00:00:02     ; 1.0                     ; 4750 MB             ; 00:00:02                           ;
; EDA Netlist Writer   ; 00:00:02     ; 1.0                     ; 4751 MB             ; 00:00:02                           ;
; EDA Netlist Writer   ; 00:00:01     ; 1.0                     ; 4750 MB             ; 00:00:02                           ;
; EDA Netlist Writer   ; 00:00:01     ; 1.0                     ; 4751 MB             ; 00:00:02                           ;
; EDA Netlist Writer   ; 00:00:02     ; 1.0                     ; 4750 MB             ; 00:00:02                           ;
; EDA Netlist Writer   ; 00:00:02     ; 1.0                     ; 4763 MB             ; 00:00:02                           ;
; EDA Netlist Writer   ; 00:00:01     ; 1.0                     ; 4750 MB             ; 00:00:02                           ;
; EDA Netlist Writer   ; 00:00:02     ; 1.0                     ; 4751 MB             ; 00:00:02                           ;
; EDA Netlist Writer   ; 00:00:01     ; 1.0                     ; 4750 MB             ; 00:00:01                           ;
; EDA Netlist Writer   ; 00:00:01     ; 1.0                     ; 4751 MB             ; 00:00:02                           ;
; EDA Netlist Writer   ; 00:00:01     ; 1.0                     ; 4750 MB             ; 00:00:01                           ;
; EDA Netlist Writer   ; 00:00:01     ; 1.0                     ; 4767 MB             ; 00:00:02                           ;
; EDA Netlist Writer   ; 00:00:02     ; 1.0                     ; 4750 MB             ; 00:00:02                           ;
; EDA Netlist Writer   ; 00:00:01     ; 1.0                     ; 4751 MB             ; 00:00:02                           ;
; EDA Netlist Writer   ; 00:00:02     ; 1.0                     ; 4750 MB             ; 00:00:02                           ;
; EDA Netlist Writer   ; 00:00:02     ; 1.0                     ; 4751 MB             ; 00:00:02                           ;
; EDA Netlist Writer   ; 00:00:02     ; 1.0                     ; 4750 MB             ; 00:00:02                           ;
; EDA Netlist Writer   ; 00:00:02     ; 1.0                     ; 4751 MB             ; 00:00:02                           ;
; EDA Netlist Writer   ; 00:00:02     ; 1.0                     ; 4750 MB             ; 00:00:02                           ;
; EDA Netlist Writer   ; 00:00:02     ; 1.0                     ; 4751 MB             ; 00:00:02                           ;
; EDA Netlist Writer   ; 00:00:02     ; 1.0                     ; 4750 MB             ; 00:00:02                           ;
; EDA Netlist Writer   ; 00:00:02     ; 1.0                     ; 4751 MB             ; 00:00:02                           ;
; Total                ; 00:02:08     ; --                      ; --                  ; 00:02:55                           ;
+----------------------+--------------+-------------------------+---------------------+------------------------------------+


+------------------------------------------------------------------------------------+
; Flow OS Summary                                                                    ;
+----------------------+------------------+------------+------------+----------------+
; Module Name          ; Machine Hostname ; OS Name    ; OS Version ; Processor type ;
+----------------------+------------------+------------+------------+----------------+
; Analysis & Synthesis ; DESKTOP-4E0F6V3  ; Windows 10 ; 10.0       ; x86_64         ;
; Fitter               ; DESKTOP-4E0F6V3  ; Windows 10 ; 10.0       ; x86_64         ;
; EDA Netlist Writer   ; DESKTOP-4E0F6V3  ; Windows 10 ; 10.0       ; x86_64         ;
; Assembler            ; DESKTOP-4E0F6V3  ; Windows 10 ; 10.0       ; x86_64         ;
; Timing Analyzer      ; DESKTOP-4E0F6V3  ; Windows 10 ; 10.0       ; x86_64         ;
; EDA Netlist Writer   ; DESKTOP-4E0F6V3  ; Windows 10 ; 10.0       ; x86_64         ;
; EDA Netlist Writer   ; DESKTOP-4E0F6V3  ; Windows 10 ; 10.0       ; x86_64         ;
; EDA Netlist Writer   ; DESKTOP-4E0F6V3  ; Windows 10 ; 10.0       ; x86_64         ;
; EDA Netlist Writer   ; DESKTOP-4E0F6V3  ; Windows 10 ; 10.0       ; x86_64         ;
; EDA Netlist Writer   ; DESKTOP-4E0F6V3  ; Windows 10 ; 10.0       ; x86_64         ;
; EDA Netlist Writer   ; DESKTOP-4E0F6V3  ; Windows 10 ; 10.0       ; x86_64         ;
; EDA Netlist Writer   ; DESKTOP-4E0F6V3  ; Windows 10 ; 10.0       ; x86_64         ;
; EDA Netlist Writer   ; DESKTOP-4E0F6V3  ; Windows 10 ; 10.0       ; x86_64         ;
; EDA Netlist Writer   ; DESKTOP-4E0F6V3  ; Windows 10 ; 10.0       ; x86_64         ;
; EDA Netlist Writer   ; DESKTOP-4E0F6V3  ; Windows 10 ; 10.0       ; x86_64         ;
; EDA Netlist Writer   ; DESKTOP-4E0F6V3  ; Windows 10 ; 10.0       ; x86_64         ;
; EDA Netlist Writer   ; DESKTOP-4E0F6V3  ; Windows 10 ; 10.0       ; x86_64         ;
; EDA Netlist Writer   ; DESKTOP-4E0F6V3  ; Windows 10 ; 10.0       ; x86_64         ;
; EDA Netlist Writer   ; DESKTOP-4E0F6V3  ; Windows 10 ; 10.0       ; x86_64         ;
; EDA Netlist Writer   ; DESKTOP-4E0F6V3  ; Windows 10 ; 10.0       ; x86_64         ;
; EDA Netlist Writer   ; DESKTOP-4E0F6V3  ; Windows 10 ; 10.0       ; x86_64         ;
; EDA Netlist Writer   ; DESKTOP-4E0F6V3  ; Windows 10 ; 10.0       ; x86_64         ;
; EDA Netlist Writer   ; DESKTOP-4E0F6V3  ; Windows 10 ; 10.0       ; x86_64         ;
; EDA Netlist Writer   ; DESKTOP-4E0F6V3  ; Windows 10 ; 10.0       ; x86_64         ;
; EDA Netlist Writer   ; DESKTOP-4E0F6V3  ; Windows 10 ; 10.0       ; x86_64         ;
; EDA Netlist Writer   ; DESKTOP-4E0F6V3  ; Windows 10 ; 10.0       ; x86_64         ;
; EDA Netlist Writer   ; DESKTOP-4E0F6V3  ; Windows 10 ; 10.0       ; x86_64         ;
; EDA Netlist Writer   ; DESKTOP-4E0F6V3  ; Windows 10 ; 10.0       ; x86_64         ;
; EDA Netlist Writer   ; DESKTOP-4E0F6V3  ; Windows 10 ; 10.0       ; x86_64         ;
+----------------------+------------------+------------+------------+----------------+


------------
; Flow Log ;
------------
quartus_map --read_settings_files=on --write_settings_files=off mux21a -c mux21a
quartus_fit --read_settings_files=off --write_settings_files=off mux21a -c mux21a
quartus_eda --gen_testbench --tool=modelsim_oem --format=vhdl --write_settings_files=off mux21a -c mux21a --vector_source=D:/project/program/QUARTUS/mux21a/Waveform3.vwf --testbench_file=D:/project/program/QUARTUS/mux21a/simulation/qsim/Waveform3.vwf.vht
quartus_asm --read_settings_files=off --write_settings_files=off mux21a -c mux21a
quartus_sta mux21a -c mux21a
quartus_eda --gen_testbench --tool=modelsim_oem --format=vhdl --write_settings_files=off mux21a -c mux21a --vector_source=D:/project/program/QUARTUS/mux21a/Waveform3.vwf --testbench_file=D:/project/program/QUARTUS/mux21a/simulation/qsim/Waveform3.vwf.vht
quartus_eda --read_settings_files=off --write_settings_files=off mux21a -c mux21a
quartus_eda --gen_testbench --tool=modelsim_oem --format=vhdl --write_settings_files=off mux21a -c mux21a --vector_source=D:/project/program/QUARTUS/mux21a/Waveform2.vwf --testbench_file=D:/project/program/QUARTUS/mux21a/simulation/modelsim/Waveform2.vwf.vht
quartus_eda --write_settings_files=off --simulation=on --functional=on --flatten_buses=off --tool=modelsim_oem --format=vhdl --output_directory=D:/project/program/QUARTUS/mux21a/simulation/qsim/ mux21a -c mux21a
quartus_eda --gen_testbench --tool=modelsim_oem --format=vhdl --write_settings_files=off mux21a -c mux21a --vector_source=D:/project/program/QUARTUS/mux21a/Waveform2.vwf --testbench_file=D:/project/program/QUARTUS/mux21a/simulation/modelsim/Waveform2.vwf.vht
quartus_eda --write_settings_files=off --simulation=on --functional=on --flatten_buses=off --tool=modelsim_oem --format=vhdl --output_directory=D:/project/program/QUARTUS/mux21a/simulation/qsim/ mux21a -c mux21a
quartus_eda --gen_testbench --tool=modelsim_oem --format=vhdl --write_settings_files=off mux21a -c mux21a --vector_source=D:/project/program/QUARTUS/mux21a/Waveform2.vwf --testbench_file=D:/project/program/QUARTUS/mux21a/simulation/modelsim/Waveform2.vwf.vht
quartus_eda --write_settings_files=off --simulation=on --functional=off --flatten_buses=off --timescale=1ps --tool=modelsim_oem --format=vhdl --output_directory=D:/project/program/QUARTUS/mux21a/simulation/qsim/ mux21a -c mux21a
quartus_eda --gen_testbench --tool=modelsim_oem --format=vhdl --write_settings_files=off mux21a -c mux21a --vector_source=D:/project/program/QUARTUS/mux21a/Waveform2.vwf --testbench_file=D:/project/program/QUARTUS/mux21a/simulation/modelsim/Waveform2.vwf.vht
quartus_eda --write_settings_files=off --simulation=on --functional=on --flatten_buses=off --tool=modelsim_oem --format=vhdl --output_directory=D:/project/program/QUARTUS/mux21a/simulation/qsim/ mux21a -c mux21a
quartus_eda --gen_testbench --tool=modelsim_oem --format=vhdl --write_settings_files=off mux21a -c mux21a --vector_source=D:/project/program/QUARTUS/mux21a/Waveform2.vwf --testbench_file=D:/project/program/QUARTUS/mux21a/simulation/modelsim/Waveform2.vwf.vht
quartus_eda --write_settings_files=off --simulation=on --functional=on --flatten_buses=off --tool=modelsim_oem --format=vhdl --output_directory=D:/project/program/QUARTUS/mux21a/simulation/qsim/ mux21a -c mux21a
quartus_eda --gen_testbench --tool=modelsim_oem --format=vhdl --write_settings_files=off mux21a -c mux21a --vector_source=D:/project/program/QUARTUS/mux21a/Waveform2.vwf --testbench_file=D:/project/program/QUARTUS/mux21a/simulation/modelsim/Waveform2.vwf.vht
quartus_eda --write_settings_files=off --simulation=on --functional=off --flatten_buses=off --timescale=1ps --tool=modelsim_oem --format=vhdl --output_directory=D:/project/program/QUARTUS/mux21a/simulation/qsim/ mux21a -c mux21a
quartus_eda --gen_testbench --tool=modelsim_oem --format=vhdl --write_settings_files=off mux21a -c mux21a --vector_source=D:/project/program/QUARTUS/mux21a/Waveform2.vwf --testbench_file=D:/project/program/QUARTUS/mux21a/simulation/modelsim/Waveform2.vwf.vht
quartus_eda --write_settings_files=off --simulation=on --functional=on --flatten_buses=off --tool=modelsim_oem --format=vhdl --output_directory=D:/project/program/QUARTUS/mux21a/simulation/qsim/ mux21a -c mux21a
quartus_eda --gen_testbench --tool=modelsim_oem --format=vhdl --write_settings_files=off mux21a -c mux21a --vector_source=D:/project/program/QUARTUS/mux21a/Waveform2.vwf --testbench_file=D:/project/program/QUARTUS/mux21a/simulation/modelsim/Waveform2.vwf.vht
quartus_eda --write_settings_files=off --simulation=on --functional=on --flatten_buses=off --tool=modelsim_oem --format=vhdl --output_directory=D:/project/program/QUARTUS/mux21a/simulation/qsim/ mux21a -c mux21a
quartus_eda --gen_testbench --tool=modelsim_oem --format=vhdl --write_settings_files=off mux21a -c mux21a --vector_source=D:/project/program/QUARTUS/mux21a/Waveform.vwf --testbench_file=D:/project/program/QUARTUS/mux21a/simulation/qsim/Waveform.vwf.vht
quartus_eda --write_settings_files=off --simulation=on --functional=on --flatten_buses=off --tool=modelsim_oem --format=vhdl --output_directory=D:/project/program/QUARTUS/mux21a/simulation/qsim/ mux21a -c mux21a
quartus_eda --gen_testbench --tool=modelsim_oem --format=vhdl --write_settings_files=off mux21a -c mux21a --vector_source=D:/project/program/QUARTUS/mux21a/Waveform.vwf --testbench_file=D:/project/program/QUARTUS/mux21a/simulation/qsim/Waveform.vwf.vht
quartus_eda --write_settings_files=off --simulation=on --functional=on --flatten_buses=off --tool=modelsim_oem --format=vhdl --output_directory=D:/project/program/QUARTUS/mux21a/simulation/qsim/ mux21a -c mux21a
quartus_eda --gen_testbench --tool=modelsim_oem --format=vhdl --write_settings_files=off mux21a -c mux21a --vector_source=D:/project/program/QUARTUS/mux21a/Waveform.vwf --testbench_file=D:/project/program/QUARTUS/mux21a/simulation/qsim/Waveform.vwf.vht
quartus_eda --write_settings_files=off --simulation=on --functional=on --flatten_buses=off --tool=modelsim_oem --format=vhdl --output_directory=D:/project/program/QUARTUS/mux21a/simulation/qsim/ mux21a -c mux21a



